make --dry-run --always-make --keep-going --print-directory
make: Entering directory '/home/anton/Documents/codes/vision'
/usr/bin/cmake -S/home/anton/Documents/codes/vision -B/home/anton/Documents/codes/vision --check-build-system CMakeFiles/Makefile.cmake 0
/usr/bin/cmake -E cmake_progress_start /home/anton/Documents/codes/vision/CMakeFiles /home/anton/Documents/codes/vision/CMakeFiles/progress.marks
make -f CMakeFiles/Makefile2 all
make[1]: Entering directory '/home/anton/Documents/codes/vision'
make -f CMakeFiles/main.dir/build.make CMakeFiles/main.dir/depend
make[2]: Entering directory '/home/anton/Documents/codes/vision'
cd /home/anton/Documents/codes/vision && /usr/bin/cmake -E cmake_depends "Unix Makefiles" /home/anton/Documents/codes/vision /home/anton/Documents/codes/vision /home/anton/Documents/codes/vision /home/anton/Documents/codes/vision /home/anton/Documents/codes/vision/CMakeFiles/main.dir/DependInfo.cmake --color=
make[2]: Leaving directory '/home/anton/Documents/codes/vision'
make -f CMakeFiles/main.dir/build.make CMakeFiles/main.dir/build
make[2]: Entering directory '/home/anton/Documents/codes/vision'
/usr/bin/cmake -E cmake_echo_color --switch= --green --progress-dir=/home/anton/Documents/codes/vision/CMakeFiles --progress-num=1 "Building CXX object CMakeFiles/main.dir/main.cpp.o"
/usr/bin/c++   -isystem /usr/local/include/opencv4   -o CMakeFiles/main.dir/main.cpp.o -c /home/anton/Documents/codes/vision/main.cpp
/usr/bin/cmake -E cmake_echo_color --switch= --green --bold --progress-dir=/home/anton/Documents/codes/vision/CMakeFiles --progress-num=2 "Linking CXX executable main"
/usr/bin/cmake -E cmake_link_script CMakeFiles/main.dir/link.txt --verbose=
make[2]: Leaving directory '/home/anton/Documents/codes/vision'
/usr/bin/cmake -E cmake_echo_color --switch= --progress-dir=/home/anton/Documents/codes/vision/CMakeFiles --progress-num=1,2 "Built target main"
make[1]: Leaving directory '/home/anton/Documents/codes/vision'
/usr/bin/cmake -E cmake_progress_start /home/anton/Documents/codes/vision/CMakeFiles 0
make: Leaving directory '/home/anton/Documents/codes/vision'
 
